"ClusterID" : 18038207397139142846
"MemberID" : 12593026477526642892
"Revision" : 406
"RaftTerm" : 2
"Type" : PUT
"Key" : "/registry/services/endpoints/kube-system/k8s.io-minikube-hostpath"
"CreateRevision" : 389
"ModRevision" : 406
"Version" : 10
"Value" : "k8s\x00\n\x0f\n\x02v1\x12\tEndpoints\x12\xe4\x03\n\xe1\x03\n\x18k8s.io-minikube-hostpath\x12\x00\x1a\vkube-system\"\x00*$08b9dabc-9077-4793-b2cf-ca17159674df2\x008\x00B\b\b\xfa\xbbз\x06\x10\x00b\xe7\x01\n(control-plane.alpha.kubernetes.io/leader\x12\xba\x01{\"holderIdentity\":\"minikube_59de546a-1c34-406d-88b1-33590387615b\",\"leaseDurationSeconds\":15,\"acquireTime\":\"2024-09-25T14:28:10Z\",\"renewTime\":\"2024-09-25T14:28:28Z\",\"leaderTransitions\":0}\x8a\x01\x94\x01\n\x13storage-provisioner\x12\x06Update\x1a\x02v1\"\b\b\x8c\xbcз\x06\x10\x002\bFieldsV1:[\nY{\"f:metadata\":{\"f:annotations\":{\".\":{},\"f:control-plane.alpha.kubernetes.io/leader\":{}}}}B\x00\x1a\x00\"\x00"
"Lease" : 0
"ClusterID" : 18038207397139142846
"MemberID" : 12593026477526642892
"Revision" : 407
"RaftTerm" : 2
"Type" : PUT
"Key" : "/registry/services/endpoints/kube-system/k8s.io-minikube-hostpath"
"CreateRevision" : 389
"ModRevision" : 407
"Version" : 11
"Value" : "k8s\x00\n\x0f\n\x02v1\x12\tEndpoints\x12\xe4\x03\n\xe1\x03\n\x18k8s.io-minikube-hostpath\x12\x00\x1a\vkube-system\"\x00*$08b9dabc-9077-4793-b2cf-ca17159674df2\x008\x00B\b\b\xfa\xbbз\x06\x10\x00b\xe7\x01\n(control-plane.alpha.kubernetes.io/leader\x12\xba\x01{\"holderIdentity\":\"minikube_59de546a-1c34-406d-88b1-33590387615b\",\"leaseDurationSeconds\":15,\"acquireTime\":\"2024-09-25T14:28:10Z\",\"renewTime\":\"2024-09-25T14:28:30Z\",\"leaderTransitions\":0}\x8a\x01\x94\x01\n\x13storage-provisioner\x12\x06Update\x1a\x02v1\"\b\b\x8e\xbcз\x06\x10\x002\bFieldsV1:[\nY{\"f:metadata\":{\"f:annotations\":{\".\":{},\"f:control-plane.alpha.kubernetes.io/leader\":{}}}}B\x00\x1a\x00\"\x00"
"Lease" : 0
"ClusterID" : 18038207397139142846
"MemberID" : 12593026477526642892
"Revision" : 408
"RaftTerm" : 2
"Type" : PUT
"Key" : "/registry/services/endpoints/kube-system/k8s.io-minikube-hostpath"
"CreateRevision" : 389
"ModRevision" : 408
"Version" : 12
"Value" : "k8s\x00\n\x0f\n\x02v1\x12\tEndpoints\x12\xe4\x03\n\xe1\x03\n\x18k8s.io-minikube-hostpath\x12\x00\x1a\vkube-system\"\x00*$08b9dabc-9077-4793-b2cf-ca17159674df2\x008\x00B\b\b\xfa\xbbз\x06\x10\x00b\xe7\x01\n(control-plane.alpha.kubernetes.io/leader\x12\xba\x01{\"holderIdentity\":\"minikube_59de546a-1c34-406d-88b1-33590387615b\",\"leaseDurationSeconds\":15,\"acquireTime\":\"2024-09-25T14:28:10Z\",\"renewTime\":\"2024-09-25T14:28:32Z\",\"leaderTransitions\":0}\x8a\x01\x94\x01\n\x13storage-provisioner\x12\x06Update\x1a\x02v1\"\b\b\x90\xbcз\x06\x10\x002\bFieldsV1:[\nY{\"f:metadata\":{\"f:annotations\":{\".\":{},\"f:control-plane.alpha.kubernetes.io/leader\":{}}}}B\x00\x1a\x00\"\x00"
"Lease" : 0
"ClusterID" : 18038207397139142846
"MemberID" : 12593026477526642892
"Revision" : 409
"RaftTerm" : 2
"Type" : PUT
"Key" : "/registry/pods/default/test-pod"
"CreateRevision" : 409
"ModRevision" : 409
"Version" : 1
"Value" : "k8s\x00\n\t\n\x02v1\x12\x03Pod\x12\xd0\b\n\x95\x04\n\btest-pod\x12\x00\x1a\adefault\"\x00*$fdba6178-fa60-4705-a4af-7e972c33c9c12\x008\x00B\b\b\x91\xbcз\x06\x10\x00Z\x0f\n\x03run\x12\btest-pod\x8a\x01\xb5\x03\n\vkubectl-run\x12\x06Update\x1a\x02v1\"\b\b\x91\xbcз\x06\x10\x002\bFieldsV1:\x83\x03\n\x80\x03{\"f:metadata\":{\"f:labels\":{\".\":{},\"f:run\":{}}},\"f:spec\":{\"f:containers\":{\"k:{\\\"name\\\":\\\"test-pod\\\"}\":{\".\":{},\"f:image\":{},\"f:imagePullPolicy\":{},\"f:name\":{},\"f:resources\":{},\"f:terminationMessagePath\":{},\"f:terminationMessagePolicy\":{}}},\"f:dnsPolicy\":{},\"f:enableServiceLinks\":{},\"f:restartPolicy\":{},\"f:schedulerName\":{},\"f:securityContext\":{},\"f:terminationGracePeriodSeconds\":{}}}B\x00\x12\x92\x04\n\x84\x01\n\x15kube-api-access-lqs55\x12k\xd2\x01h\n\x0e\"\f\n\x00\x10\x97\x1c\x1a\x05token\n(\x1a&\n\x12\n\x10kube-root-ca.crt\x12\x10\n\x06ca.crt\x12\x06ca.crt\n)\x12'\n%\n\tnamespace\x12\x18\n\x02v1\x12\x12metadata.namespace\x10\xa4\x03\x12\xa6\x01\n\btest-pod\x12\x14k8s.gcr.io/pause:3.1*\x00B\x00JL\n\x15kube-api-access-lqs55\x10\x01\x1a-/var/run/secrets/kubernetes.io/serviceaccount\"\x002\x00j\x14/dev/termination-logr\fIfNotPresent\x80\x01\x00\x88\x01\x00\x90\x01\x00\xa2\x01\x04File\x1a\x06Always \x1e2\fClusterFirstB\adefaultJ\adefaultR\x00X\x00`\x00h\x00r\x00\x82\x01\x00\x8a\x01\x00\x9a\x01\x11default-scheduler\xb2\x016\n\x1cnode.kubernetes.io/not-ready\x12\x06Exists\x1a\x00\"\tNoExecute(\xac\x02\xb2\x018\n\x1enode.kubernetes.io/unreachable\x12\x06Exists\x1a\x00\"\tNoExecute(\xac\x02\xc2\x01\x00\xc8\x01\x00\xf0\x01\x01\xfa\x01\x14PreemptLowerPriority\x1a!\n\aPending\x1a\x00\"\x00*\x002\x00J\nBestEffortZ\x00r\x00\x1a\x00\"\x00"
"Lease" : 0
"ClusterID" : 18038207397139142846
"MemberID" : 12593026477526642892
"Revision" : 410
"RaftTerm" : 2
"Type" : PUT
"Key" : "/registry/pods/default/test-pod"
"CreateRevision" : 409
"ModRevision" : 410
"Version" : 2
"Value" : "k8s\x00\n\t\n\x02v1\x12\x03Pod\x12\xfe\b\n\x95\x04\n\btest-pod\x12\x00\x1a\adefault\"\x00*$fdba6178-fa60-4705-a4af-7e972c33c9c12\x008\x00B\b\b\x91\xbcз\x06\x10\x00Z\x0f\n\x03run\x12\btest-pod\x8a\x01\xb5\x03\n\vkubectl-run\x12\x06Update\x1a\x02v1\"\b\b\x91\xbcз\x06\x10\x002\bFieldsV1:\x83\x03\n\x80\x03{\"f:metadata\":{\"f:labels\":{\".\":{},\"f:run\":{}}},\"f:spec\":{\"f:containers\":{\"k:{\\\"name\\\":\\\"test-pod\\\"}\":{\".\":{},\"f:image\":{},\"f:imagePullPolicy\":{},\"f:name\":{},\"f:resources\":{},\"f:terminationMessagePath\":{},\"f:terminationMessagePolicy\":{}}},\"f:dnsPolicy\":{},\"f:enableServiceLinks\":{},\"f:restartPolicy\":{},\"f:schedulerName\":{},\"f:securityContext\":{},\"f:terminationGracePeriodSeconds\":{}}}B\x00\x12\x9a\x04\n\x84\x01\n\x15kube-api-access-lqs55\x12k\xd2\x01h\n\x0e\"\f\n\x00\x10\x97\x1c\x1a\x05token\n(\x1a&\n\x12\n\x10kube-root-ca.crt\x12\x10\n\x06ca.crt\x12\x06ca.crt\n)\x12'\n%\n\tnamespace\x12\x18\n\x02v1\x12\x12metadata.namespace\x10\xa4\x03\x12\xa6\x01\n\btest-pod\x12\x14k8s.gcr.io/pause:3.1*\x00B\x00JL\n\x15kube-api-access-lqs55\x10\x01\x1a-/var/run/secrets/kubernetes.io/serviceaccount\"\x002\x00j\x14/dev/termination-logr\fIfNotPresent\x80\x01\x00\x88\x01\x00\x90\x01\x00\xa2\x01\x04File\x1a\x06Always \x1e2\fClusterFirstB\adefaultJ\adefaultR\bminikubeX\x00`\x00h\x00r\x00\x82\x01\x00\x8a\x01\x00\x9a\x01\x11default-scheduler\xb2\x016\n\x1cnode.kubernetes.io/not-ready\x12\x06Exists\x1a\x00\"\tNoExecute(\xac\x02\xb2\x018\n\x1enode.kubernetes.io/unreachable\x12\x06Exists\x1a\x00\"\tNoExecute(\xac\x02\xc2\x01\x00\xc8\x01\x00\xf0\x01\x01\xfa\x01\x14PreemptLowerPriority\x1aG\n\aPending\x12$\n\fPodScheduled\x12\x04True\x1a\x00\"\b\b\x91\xbcз\x06\x10\x00*\x002\x00\x1a\x00\"\x00*\x002\x00J\nBestEffortZ\x00r\x00\x1a\x00\"\x00"
"Lease" : 0
"ClusterID" : 18038207397139142846
"MemberID" : 12593026477526642892
"Revision" : 411
"RaftTerm" : 2
"Type" : PUT
"Key" : "/registry/events/default/test-pod.17f88304bb10f461"
"CreateRevision" : 411
"ModRevision" : 411
"Version" : 1
"Value" : "k8s\x00\n\v\n\x02v1\x12\x05Event\x12\xa3\x04\n\xc8\x02\n\x19test-pod.17f88304bb10f461\x12\x00\x1a\adefault\"\x00*$a011a9b0-75f0-4b9e-b019-8702b16e262d2\x008\x00B\b\b\x91\xbcз\x06\x10\x00\x8a\x01\xe8\x01\n\x0ekube-scheduler\x12\x06Update\x1a\x02v1\"\b\b\x91\xbcз\x06\x10\x002\bFieldsV1:\xb3\x01\n\xb0\x01{\"f:count\":{},\"f:firstTimestamp\":{},\"f:involvedObject\":{},\"f:lastTimestamp\":{},\"f:message\":{},\"f:reason\":{},\"f:reportingComponent\":{},\"f:source\":{\"f:component\":{}},\"f:type\":{}}B\x00\x12I\n\x03Pod\x12\adefault\x1a\btest-pod\"$fdba6178-fa60-4705-a4af-7e972c33c9c1*\x02v12\x03409:\x00\x1a\tScheduled\"2Successfully assigned default/test-pod to minikube*\x15\n\x11default-scheduler\x12\x002\b\b\x91\xbcз\x06\x10\x00:\b\b\x91\xbcз\x06\x10\x00@\x01J\x06NormalR\x00b\x00r\x11default-schedulerz\x00\x1a\x00\"\x00"
"Lease" : 8128032134777322781
"ClusterID" : 18038207397139142846
"MemberID" : 12593026477526642892
"Revision" : 412
"RaftTerm" : 2
"Type" : PUT
"Key" : "/registry/pods/default/test-pod"
"CreateRevision" : 409
"ModRevision" : 412
"Version" : 3
"Value" : "k8s\x00\n\t\n\x02v1\x12\x03Pod\x12\xb3\x11\n\xc0\t\n\btest-pod\x12\x00\x1a\adefault\"\x00*$fdba6178-fa60-4705-a4af-7e972c33c9c12\x008\x00B\b\b\x91\xbcз\x06\x10\x00Z\x0f\n\x03run\x12\btest-pod\x8a\x01\xb5\x03\n\vkubectl-run\x12\x06Update\x1a\x02v1\"\b\b\x91\xbcз\x06\x10\x002\bFieldsV1:\x83\x03\n\x80\x03{\"f:metadata\":{\"f:labels\":{\".\":{},\"f:run\":{}}},\"f:spec\":{\"f:containers\":{\"k:{\\\"name\\\":\\\"test-pod\\\"}\":{\".\":{},\"f:image\":{},\"f:imagePullPolicy\":{},\"f:name\":{},\"f:resources\":{},\"f:terminationMessagePath\":{},\"f:terminationMessagePolicy\":{}}},\"f:dnsPolicy\":{},\"f:enableServiceLinks\":{},\"f:restartPolicy\":{},\"f:schedulerName\":{},\"f:securityContext\":{},\"f:terminationGracePeriodSeconds\":{}}}B\x00\x8a\x01\xa7\x05\n\akubelet\x12\x06Update\x1a\x02v1\"\b\b\x91\xbcз\x06\x10\x002\bFieldsV1:\xf3\x04\n\xf0\x04{\"f:status\":{\"f:conditions\":{\"k:{\\\"type\\\":\\\"ContainersReady\\\"}\":{\".\":{},\"f:lastProbeTime\":{},\"f:lastTransitionTime\":{},\"f:message\":{},\"f:reason\":{},\"f:status\":{},\"f:type\":{}},\"k:{\\\"type\\\":\\\"Initialized\\\"}\":{\".\":{},\"f:lastProbeTime\":{},\"f:lastTransitionTime\":{},\"f:status\":{},\"f:type\":{}},\"k:{\\\"type\\\":\\\"PodReadyToStartContainers\\\"}\":{\".\":{},\"f:lastProbeTime\":{},\"f:lastTransitionTime\":{},\"f:status\":{},\"f:type\":{}},\"k:{\\\"type\\\":\\\"Ready\\\"}\":{\".\":{},\"f:lastProbeTime\":{},\"f:lastTransitionTime\":{},\"f:message\":{},\"f:reason\":{},\"f:status\":{},\"f:type\":{}}},\"f:containerStatuses\":{},\"f:hostIP\":{},\"f:hostIPs\":{},\"f:startTime\":{}}}B\x06status\x12\x9a\x04\n\x84\x01\n\x15kube-api-access-lqs55\x12k\xd2\x01h\n\x0e\"\f\n\x00\x10\x97\x1c\x1a\x05token\n(\x1a&\n\x12\n\x10kube-root-ca.crt\x12\x10\n\x06ca.crt\x12\x06ca.crt\n)\x12'\n%\n\tnamespace\x12\x18\n\x02v1\x12\x12metadata.namespace\x10\xa4\x03\x12\xa6\x01\n\btest-pod\x12\x14k8s.gcr.io/pause:3.1*\x00B\x00JL\n\x15kube-api-access-lqs55\x10\x01\x1a-/var/run/secrets/kubernetes.io/serviceaccount\"\x002\x00j\x14/dev/termination-logr\fIfNotPresent\x80\x01\x00\x88\x01\x00\x90\x01\x00\xa2\x01\x04File\x1a\x06Always \x1e2\fClusterFirstB\adefaultJ\adefaultR\bminikubeX\x00`\x00h\x00r\x00\x82\x01\x00\x8a\x01\x00\x9a\x01\x11default-scheduler\xb2\x016\n\x1cnode.kubernetes.io/not-ready\x12\x06Exists\x1a\x00\"\tNoExecute(\xac\x02\xb2\x018\n\x1enode.kubernetes.io/unreachable\x12\x06Exists\x1a\x00\"\tNoExecute(\xac\x02\xc2\x01\x00\xc8\x01\x00\xf0\x01\x01\xfa\x01\x14PreemptLowerPriority\x1a\xd0\x03\n\aPending\x122\n\x19PodReadyToStartContainers\x12\x05False\x1a\x00\"\b\b\x91\xbcз\x06\x10\x00*\x002\x00\x12#\n\vInitialized\x12\x04True\x1a\x00\"\b\b\x91\xbcз\x06\x10\x00*\x002\x00\x12Z\n\x05Ready\x12\x05False\x1a\x00\"\b\b\x91\xbcз\x06\x10\x00*\x12ContainersNotReady2*containers with unready status: [test-pod]\x12d\n\x0fContainersReady\x12\x05False\x1a\x00\"\b\b\x91\xbcз\x06\x10\x00*\x12ContainersNotReady2*containers with unready status: [test-pod]\x12$\n\fPodScheduled\x12\x04True\x1a\x00\"\b\b\x91\xbcз\x06\x10\x00*\x002\x00\x1a\x00\"\x00*\f192.168.49.22\x00:\b\b\x91\xbcз\x06\x10\x00BE\n\btest-pod\x12\x17\n\x15\n\x11ContainerCreating\x12\x00\x1a\x00 \x00(\x002\x14k8s.gcr.io/pause:3.1:\x00B\x00H\x00J\nBestEffortZ\x00r\x00\x82\x01\x0e\n\f192.168.49.2\x1a\x00\"\x00"
"Lease" : 0
"ClusterID" : 18038207397139142846
"MemberID" : 12593026477526642892
"Revision" : 413
"RaftTerm" : 2
"Type" : PUT
"Key" : "/registry/events/default/test-pod.17f88304d41cb2f5"
"CreateRevision" : 413
"ModRevision" : 413
"Version" : 1
"Value" : "k8s\x00\n\v\n\x02v1\x12\x05Event\x12\xc6\x04\n\xe6\x02\n\x19test-pod.17f88304d41cb2f5\x12\x00\x1a\adefault\"\x00*$26b79091-eaf8-48b5-b483-42185443d8c52\x008\x00B\b\b\x91\xbcз\x06\x10\x00\x8a\x01\x86\x02\n\akubelet\x12\x06Update\x1a\x02v1\"\b\b\x91\xbcз\x06\x10\x002\bFieldsV1:\xd8\x01\n\xd5\x01{\"f:count\":{},\"f:firstTimestamp\":{},\"f:involvedObject\":{},\"f:lastTimestamp\":{},\"f:message\":{},\"f:reason\":{},\"f:reportingComponent\":{},\"f:reportingInstance\":{},\"f:source\":{\"f:component\":{},\"f:host\":{}},\"f:type\":{}}B\x00\x12b\n\x03Pod\x12\adefault\x1a\btest-pod\"$fdba6178-fa60-4705-a4af-7e972c33c9c1*\x02v12\x03410:\x19spec.containers{test-pod}\x1a\aPulling\"$Pulling image \"k8s.gcr.io/pause:3.1\"*\x13\n\akubelet\x12\bminikube2\b\b\x91\xbcз\x06\x10\x00:\b\b\x91\xbcз\x06\x10\x00@\x01J\x06NormalR\x00b\x00r\akubeletz\bminikube\x1a\x00\"\x00"
"Lease" : 8128032134777322781
"ClusterID" : 18038207397139142846
"MemberID" : 12593026477526642892
"Revision" : 414
"RaftTerm" : 2
"Type" : PUT
"Key" : "/registry/masterleases/192.168.49.2"
"CreateRevision" : 198
"ModRevision" : 414
"Version" : 8
"Value" : "k8s\x00\n\x0f\n\x02v1\x12\tEndpoints\x12&\n\x10\n\x00\x12\x00\x1a\x00\"\x00*\x002\x008\bB\x00\x12\x12\n\x10\n\f192.168.49.2\x1a\x00\x1a\x00\"\x00"
"Lease" : 8128032134777322792
"ClusterID" : 18038207397139142846
"MemberID" : 12593026477526642892
"Revision" : 415
"RaftTerm" : 2
"Type" : PUT
"Key" : "/registry/leases/kube-system/apiserver-eqt674mfxb4j56mrjjkoe7b7ii"
"CreateRevision" : 32
"ModRevision" : 415
"Version" : 8
"Value" : "k8s\x00\n\x1f\n\x16coordination.k8s.io/v1\x12\x05Lease\x12\xac\x04\n\xcb\x03\n$apiserver-eqt674mfxb4j56mrjjkoe7b7ii\x12\x00\x1a\vkube-system\"\x00*$a18d8348-2c07-47b5-bb48-448c30b007082\x008\x00B\b\b˻з\x06\x10\x00Z2\n apiserver.kubernetes.io/identity\x12\x0ekube-apiserverZ\"\n\x16kubernetes.io/hostname\x12\bminikube\x8a\x01\x84\x02\n\x0ekube-apiserver\x12\x06Update\x1a\x16coordination.k8s.io/v1\"\b\b\x92\xbcз\x06\x10\x002\bFieldsV1:\xbb\x01\n\xb8\x01{\"f:metadata\":{\"f:labels\":{\".\":{},\"f:apiserver.kubernetes.io/identity\":{},\"f:kubernetes.io/hostname\":{}}},\"f:spec\":{\"f:holderIdentity\":{},\"f:leaseDurationSeconds\":{},\"f:renewTime\":{}}}B\x00\x12\\\nIapiserver-eqt674mfxb4j56mrjjkoe7b7ii_a67d0e18-eab1-40b3-a592-f023c56ecfe2\x10\x90\x1c\"\f\b\x92\xbcз\x06\x10Є\xee\x9c\x02\x1a\x00\"\x00"
"Lease" : 0
"ClusterID" : 18038207397139142846
"MemberID" : 12593026477526642892
"Revision" : 416
"RaftTerm" : 2
"Type" : PUT
"Key" : "/registry/services/endpoints/kube-system/k8s.io-minikube-hostpath"
"CreateRevision" : 389
"ModRevision" : 416
"Version" : 13
"Value" : "k8s\x00\n\x0f\n\x02v1\x12\tEndpoints\x12\xe4\x03\n\xe1\x03\n\x18k8s.io-minikube-hostpath\x12\x00\x1a\vkube-system\"\x00*$08b9dabc-9077-4793-b2cf-ca17159674df2\x008\x00B\b\b\xfa\xbbз\x06\x10\x00b\xe7\x01\n(control-plane.alpha.kubernetes.io/leader\x12\xba\x01{\"holderIdentity\":\"minikube_59de546a-1c34-406d-88b1-33590387615b\",\"leaseDurationSeconds\":15,\"acquireTime\":\"2024-09-25T14:28:10Z\",\"renewTime\":\"2024-09-25T14:28:34Z\",\"leaderTransitions\":0}\x8a\x01\x94\x01\n\x13storage-provisioner\x12\x06Update\x1a\x02v1\"\b\b\x92\xbcз\x06\x10\x002\bFieldsV1:[\nY{\"f:metadata\":{\"f:annotations\":{\".\":{},\"f:control-plane.alpha.kubernetes.io/leader\":{}}}}B\x00\x1a\x00\"\x00"
"Lease" : 0
"ClusterID" : 18038207397139142846
"MemberID" : 12593026477526642892
"Revision" : 417
"RaftTerm" : 2
"Type" : PUT
"Key" : "/registry/events/default/test-pod.17f883052626eaab"
"CreateRevision" : 417
"ModRevision" : 417
"Version" : 1
"Value" : "k8s\x00\n\v\n\x02v1\x12\x05Event\x12\x91\x05\n\xe6\x02\n\x19test-pod.17f883052626eaab\x12\x00\x1a\adefault\"\x00*$cdb7fa7b-ff1b-493d-8fed-c6e7fb841edf2\x008\x00B\b\b\x93\xbcз\x06\x10\x00\x8a\x01\x86\x02\n\akubelet\x12\x06Update\x1a\x02v1\"\b\b\x93\xbcз\x06\x10\x002\bFieldsV1:\xd8\x01\n\xd5\x01{\"f:count\":{},\"f:firstTimestamp\":{},\"f:involvedObject\":{},\"f:lastTimestamp\":{},\"f:message\":{},\"f:reason\":{},\"f:reportingComponent\":{},\"f:reportingInstance\":{},\"f:source\":{\"f:component\":{},\"f:host\":{}},\"f:type\":{}}B\x00\x12b\n\x03Pod\x12\adefault\x1a\btest-pod\"$fdba6178-fa60-4705-a4af-7e972c33c9c1*\x02v12\x03410:\x19spec.containers{test-pod}\x1a\x06Pulled\"pSuccessfully pulled image \"k8s.gcr.io/pause:3.1\" in 1.376s (1.376s including waiting). Image size: 524888 bytes.*\x13\n\akubelet\x12\bminikube2\b\b\x93\xbcз\x06\x10\x00:\b\b\x93\xbcз\x06\x10\x00@\x01J\x06NormalR\x00b\x00r\akubeletz\bminikube\x1a\x00\"\x00"
"Lease" : 8128032134777322781
"ClusterID" : 18038207397139142846
"MemberID" : 12593026477526642892
"Revision" : 418
"RaftTerm" : 2
"Type" : PUT
"Key" : "/registry/events/default/test-pod.17f8830527597835"
"CreateRevision" : 418
"ModRevision" : 418
"Version" : 1
"Value" : "k8s\x00\n\v\n\x02v1\x12\x05Event\x12\xbc\x04\n\xe6\x02\n\x19test-pod.17f8830527597835\x12\x00\x1a\adefault\"\x00*$70d8b29c-9006-4550-acd2-76cc884781b32\x008\x00B\b\b\x93\xbcз\x06\x10\x00\x8a\x01\x86\x02\n\akubelet\x12\x06Update\x1a\x02v1\"\b\b\x93\xbcз\x06\x10\x002\bFieldsV1:\xd8\x01\n\xd5\x01{\"f:count\":{},\"f:firstTimestamp\":{},\"f:involvedObject\":{},\"f:lastTimestamp\":{},\"f:message\":{},\"f:reason\":{},\"f:reportingComponent\":{},\"f:reportingInstance\":{},\"f:source\":{\"f:component\":{},\"f:host\":{}},\"f:type\":{}}B\x00\x12b\n\x03Pod\x12\adefault\x1a\btest-pod\"$fdba6178-fa60-4705-a4af-7e972c33c9c1*\x02v12\x03410:\x19spec.containers{test-pod}\x1a\aCreated\"\x1aCreated container test-pod*\x13\n\akubelet\x12\bminikube2\b\b\x93\xbcз\x06\x10\x00:\b\b\x93\xbcз\x06\x10\x00@\x01J\x06NormalR\x00b\x00r\akubeletz\bminikube\x1a\x00\"\x00"
"Lease" : 8128032134777322781
"ClusterID" : 18038207397139142846
"MemberID" : 12593026477526642892
"Revision" : 419
"RaftTerm" : 2
"Type" : PUT
"Key" : "/registry/events/default/test-pod.17f8830529b8dc3b"
"CreateRevision" : 419
"ModRevision" : 419
"Version" : 1
"Value" : "k8s\x00\n\v\n\x02v1\x12\x05Event\x12\xbc\x04\n\xe6\x02\n\x19test-pod.17f8830529b8dc3b\x12\x00\x1a\adefault\"\x00*$7d6e0d23-521e-4ed9-a38e-05d718e697c42\x008\x00B\b\b\x93\xbcз\x06\x10\x00\x8a\x01\x86\x02\n\akubelet\x12\x06Update\x1a\x02v1\"\b\b\x93\xbcз\x06\x10\x002\bFieldsV1:\xd8\x01\n\xd5\x01{\"f:count\":{},\"f:firstTimestamp\":{},\"f:involvedObject\":{},\"f:lastTimestamp\":{},\"f:message\":{},\"f:reason\":{},\"f:reportingComponent\":{},\"f:reportingInstance\":{},\"f:source\":{\"f:component\":{},\"f:host\":{}},\"f:type\":{}}B\x00\x12b\n\x03Pod\x12\adefault\x1a\btest-pod\"$fdba6178-fa60-4705-a4af-7e972c33c9c1*\x02v12\x03410:\x19spec.containers{test-pod}\x1a\aStarted\"\x1aStarted container test-pod*\x13\n\akubelet\x12\bminikube2\b\b\x93\xbcз\x06\x10\x00:\b\b\x93\xbcз\x06\x10\x00@\x01J\x06NormalR\x00b\x00r\akubeletz\bminikube\x1a\x00\"\x00"
"Lease" : 8128032134777322781
"ClusterID" : 18038207397139142846
"MemberID" : 12593026477526642892
"Revision" : 420
"RaftTerm" : 2
"Type" : PUT
"Key" : "/registry/pods/default/test-pod"
"CreateRevision" : 409
"ModRevision" : 420
"Version" : 4
"Value" : "k8s\x00\n\t\n\x02v1\x12\x03Pod\x12\x9c\x12\n\xe3\t\n\btest-pod\x12\x00\x1a\adefault\"\x00*$fdba6178-fa60-4705-a4af-7e972c33c9c12\x008\x00B\b\b\x91\xbcз\x06\x10\x00Z\x0f\n\x03run\x12\btest-pod\x8a\x01\xb5\x03\n\vkubectl-run\x12\x06Update\x1a\x02v1\"\b\b\x91\xbcз\x06\x10\x002\bFieldsV1:\x83\x03\n\x80\x03{\"f:metadata\":{\"f:labels\":{\".\":{},\"f:run\":{}}},\"f:spec\":{\"f:containers\":{\"k:{\\\"name\\\":\\\"test-pod\\\"}\":{\".\":{},\"f:image\":{},\"f:imagePullPolicy\":{},\"f:name\":{},\"f:resources\":{},\"f:terminationMessagePath\":{},\"f:terminationMessagePolicy\":{}}},\"f:dnsPolicy\":{},\"f:enableServiceLinks\":{},\"f:restartPolicy\":{},\"f:schedulerName\":{},\"f:securityContext\":{},\"f:terminationGracePeriodSeconds\":{}}}B\x00\x8a\x01\xca\x05\n\akubelet\x12\x06Update\x1a\x02v1\"\b\b\x93\xbcз\x06\x10\x002\bFieldsV1:\x96\x05\n\x93\x05{\"f:status\":{\"f:conditions\":{\"k:{\\\"type\\\":\\\"ContainersReady\\\"}\":{\".\":{},\"f:lastProbeTime\":{},\"f:lastTransitionTime\":{},\"f:status\":{},\"f:type\":{}},\"k:{\\\"type\\\":\\\"Initialized\\\"}\":{\".\":{},\"f:lastProbeTime\":{},\"f:lastTransitionTime\":{},\"f:status\":{},\"f:type\":{}},\"k:{\\\"type\\\":\\\"PodReadyToStartContainers\\\"}\":{\".\":{},\"f:lastProbeTime\":{},\"f:lastTransitionTime\":{},\"f:status\":{},\"f:type\":{}},\"k:{\\\"type\\\":\\\"Ready\\\"}\":{\".\":{},\"f:lastProbeTime\":{},\"f:lastTransitionTime\":{},\"f:status\":{},\"f:type\":{}}},\"f:containerStatuses\":{},\"f:hostIP\":{},\"f:hostIPs\":{},\"f:phase\":{},\"f:podIP\":{},\"f:podIPs\":{\".\":{},\"k:{\\\"ip\\\":\\\"10.244.0.3\\\"}\":{\".\":{},\"f:ip\":{}}},\"f:startTime\":{}}}B\x06status\x12\x9a\x04\n\x84\x01\n\x15kube-api-access-lqs55\x12k\xd2\x01h\n\x0e\"\f\n\x00\x10\x97\x1c\x1a\x05token\n(\x1a&\n\x12\n\x10kube-root-ca.crt\x12\x10\n\x06ca.crt\x12\x06ca.crt\n)\x12'\n%\n\tnamespace\x12\x18\n\x02v1\x12\x12metadata.namespace\x10\xa4\x03\x12\xa6\x01\n\btest-pod\x12\x14k8s.gcr.io/pause:3.1*\x00B\x00JL\n\x15kube-api-access-lqs55\x10\x01\x1a-/var/run/secrets/kubernetes.io/serviceaccount\"\x002\x00j\x14/dev/termination-logr\fIfNotPresent\x80\x01\x00\x88\x01\x00\x90\x01\x00\xa2\x01\x04File\x1a\x06Always \x1e2\fClusterFirstB\adefaultJ\adefaultR\bminikubeX\x00`\x00h\x00r\x00\x82\x01\x00\x8a\x01\x00\x9a\x01\x11default-scheduler\xb2\x016\n\x1cnode.kubernetes.io/not-ready\x12\x06Exists\x1a\x00\"\tNoExecute(\xac\x02\xb2\x018\n\x1enode.kubernetes.io/unreachable\x12\x06Exists\x1a\x00\"\tNoExecute(\xac\x02\xc2\x01\x00\xc8\x01\x00\xf0\x01\x01\xfa\x01\x14PreemptLowerPriority\x1a\x96\x04\n\aRunning\x121\n\x19PodReadyToStartContainers\x12\x04True\x1a\x00\"\b\b\x93\xbcз\x06\x10\x00*\x002\x00\x12#\n\vInitialized\x12\x04True\x1a\x00\"\b\b\x91\xbcз\x06\x10\x00*\x002\x00\x12\x1d\n\x05Ready\x12\x04True\x1a\x00\"\b\b\x93\xbcз\x06\x10\x00*\x002\x00\x12'\n\x0fContainersReady\x12\x04True\x1a\x00\"\b\b\x93\xbcз\x06\x10\x00*\x002\x00\x12$\n\fPodScheduled\x12\x04True\x1a\x00\"\b\b\x91\xbcз\x06\x10\x00*\x002\x00\x1a\x00\"\x00*\f192.168.49.22\n10.244.0.3:\b\b\x91\xbcз\x06\x10\x00B\xed\x01\n\btest-pod\x12\f\x12\n\n\b\b\x93\xbcз\x06\x10\x00\x1a\x00 \x01(\x002\x14k8s.gcr.io/pause:3.1:jdocker-pullable://k8s.gcr.io/pause@sha256:f78411e19d84a252e53bff71a4407a5686c46983a2c2eeed83929b888179aceaBIdocker://bb2d81864a2ded7aa787534f598a87f009df15dd693a4a926d59c2e49d7c55e0H\x01J\nBestEffortZ\x00b\f\n\n10.244.0.3r\x00\x82\x01\x0e\n\f192.168.49.2\x1a\x00\"\x00"
"Lease" : 0
"ClusterID" : 18038207397139142846
"MemberID" : 12593026477526642892
"Revision" : 421
"RaftTerm" : 2
"Type" : PUT
"Key" : "/registry/services/endpoints/kube-system/k8s.io-minikube-hostpath"
"CreateRevision" : 389
"ModRevision" : 421
"Version" : 14
"Value" : "k8s\x00\n\x0f\n\x02v1\x12\tEndpoints\x12\xe4\x03\n\xe1\x03\n\x18k8s.io-minikube-hostpath\x12\x00\x1a\vkube-system\"\x00*$08b9dabc-9077-4793-b2cf-ca17159674df2\x008\x00B\b\b\xfa\xbbз\x06\x10\x00b\xe7\x01\n(control-plane.alpha.kubernetes.io/leader\x12\xba\x01{\"holderIdentity\":\"minikube_59de546a-1c34-406d-88b1-33590387615b\",\"leaseDurationSeconds\":15,\"acquireTime\":\"2024-09-25T14:28:10Z\",\"renewTime\":\"2024-09-25T14:28:36Z\",\"leaderTransitions\":0}\x8a\x01\x94\x01\n\x13storage-provisioner\x12\x06Update\x1a\x02v1\"\b\b\x94\xbcз\x06\x10\x002\bFieldsV1:[\nY{\"f:metadata\":{\"f:annotations\":{\".\":{},\"f:control-plane.alpha.kubernetes.io/leader\":{}}}}B\x00\x1a\x00\"\x00"
"Lease" : 0
"ClusterID" : 18038207397139142846
"MemberID" : 12593026477526642892
"Revision" : 422
"RaftTerm" : 2
"Type" : PUT
"Key" : "/registry/leases/kube-node-lease/minikube"
"CreateRevision" : 225
"ModRevision" : 422
"Version" : 8
"Value" : "k8s\x00\n\x1f\n\x16coordination.k8s.io/v1\x12\x05Lease\x12\xac\x03\n\x8d\x03\n\bminikube\x12\x00\x1a\x0fkube-node-lease\"\x00*$065972f3-31a4-4e49-88ff-88819149ae3b2\x008\x00B\b\bͻз\x06\x10\x00j:\n\x04Node\x1a\bminikube\"$21f1d503-804d-4e1f-a90b-5decf2e7499f*\x02v1\x8a\x01\xfa\x01\n\akubelet\x12\x06Update\x1a\x16coordination.k8s.io/v1\"\b\b\x94\xbcз\x06\x10\x002\bFieldsV1:\xb8\x01\n\xb5\x01{\"f:metadata\":{\"f:ownerReferences\":{\".\":{},\"k:{\\\"uid\\\":\\\"21f1d503-804d-4e1f-a90b-5decf2e7499f\\\"}\":{}}},\"f:spec\":{\"f:holderIdentity\":{},\"f:leaseDurationSeconds\":{},\"f:renewTime\":{}}}B\x00\x12\x1a\n\bminikube\x10(\"\f\b\x94\xbcз\x06\x10\xf0\xd9\xea\xbe\x03\x1a\x00\"\x00"
"Lease" : 0
"ClusterID" : 18038207397139142846
"MemberID" : 12593026477526642892
"Revision" : 423
"RaftTerm" : 2
"Type" : PUT
"Key" : "/registry/secrets/default/my-private-secret"
"CreateRevision" : 423
"ModRevision" : 423
"Version" : 1
"Value" : "k8s\x00\n\f\n\x02v1\x12\x06Secret\x12\xd9\x01\n\xb7\x01\n\x11my-private-secret\x12\x00\x1a\adefault\"\x00*$c54ce75f-0c4f-4993-abdd-18149daa16ec2\x008\x00B\b\b\x95\xbcз\x06\x10\x00\x8a\x01`\n\x0ekubectl-create\x12\x06Update\x1a\x02v1\"\b\b\x95\xbcз\x06\x10\x002\bFieldsV1:,\n*{\"f:data\":{\".\":{},\"f:key\":{}},\"f:type\":{}}B\x00\x12\x15\n\x03key\x12\x0eTOPSECRETVALUE\x1a\x06Opaque\x1a\x00\"\x00"
"Lease" : 0
"ClusterID" : 18038207397139142846
"MemberID" : 12593026477526642892
"Revision" : 424
"RaftTerm" : 2
"Type" : PUT
"Key" : "/registry/services/endpoints/kube-system/k8s.io-minikube-hostpath"
"CreateRevision" : 389
"ModRevision" : 424
"Version" : 15
"Value" : "k8s\x00\n\x0f\n\x02v1\x12\tEndpoints\x12\xe4\x03\n\xe1\x03\n\x18k8s.io-minikube-hostpath\x12\x00\x1a\vkube-system\"\x00*$08b9dabc-9077-4793-b2cf-ca17159674df2\x008\x00B\b\b\xfa\xbbз\x06\x10\x00b\xe7\x01\n(control-plane.alpha.kubernetes.io/leader\x12\xba\x01{\"holderIdentity\":\"minikube_59de546a-1c34-406d-88b1-33590387615b\",\"leaseDurationSeconds\":15,\"acquireTime\":\"2024-09-25T14:28:10Z\",\"renewTime\":\"2024-09-25T14:28:38Z\",\"leaderTransitions\":0}\x8a\x01\x94\x01\n\x13storage-provisioner\x12\x06Update\x1a\x02v1\"\b\b\x96\xbcз\x06\x10\x002\bFieldsV1:[\nY{\"f:metadata\":{\"f:annotations\":{\".\":{},\"f:control-plane.alpha.kubernetes.io/leader\":{}}}}B\x00\x1a\x00\"\x00"
"Lease" : 0
"ClusterID" : 18038207397139142846
"MemberID" : 12593026477526642892
"Revision" : 425
"RaftTerm" : 2
"Type" : PUT
"Key" : "/registry/services/endpoints/kube-system/k8s.io-minikube-hostpath"
"CreateRevision" : 389
"ModRevision" : 425
"Version" : 16
"Value" : "k8s\x00\n\x0f\n\x02v1\x12\tEndpoints\x12\xe4\x03\n\xe1\x03\n\x18k8s.io-minikube-hostpath\x12\x00\x1a\vkube-system\"\x00*$08b9dabc-9077-4793-b2cf-ca17159674df2\x008\x00B\b\b\xfa\xbbз\x06\x10\x00b\xe7\x01\n(control-plane.alpha.kubernetes.io/leader\x12\xba\x01{\"holderIdentity\":\"minikube_59de546a-1c34-406d-88b1-33590387615b\",\"leaseDurationSeconds\":15,\"acquireTime\":\"2024-09-25T14:28:10Z\",\"renewTime\":\"2024-09-25T14:28:40Z\",\"leaderTransitions\":0}\x8a\x01\x94\x01\n\x13storage-provisioner\x12\x06Update\x1a\x02v1\"\b\b\x98\xbcз\x06\x10\x002\bFieldsV1:[\nY{\"f:metadata\":{\"f:annotations\":{\".\":{},\"f:control-plane.alpha.kubernetes.io/leader\":{}}}}B\x00\x1a\x00\"\x00"
"Lease" : 0
"ClusterID" : 18038207397139142846
"MemberID" : 12593026477526642892
"Revision" : 426
"RaftTerm" : 2
"Type" : PUT
"Key" : "/registry/services/endpoints/kube-system/k8s.io-minikube-hostpath"
"CreateRevision" : 389
"ModRevision" : 426
"Version" : 17
"Value" : "k8s\x00\n\x0f\n\x02v1\x12\tEndpoints\x12\xe4\x03\n\xe1\x03\n\x18k8s.io-minikube-hostpath\x12\x00\x1a\vkube-system\"\x00*$08b9dabc-9077-4793-b2cf-ca17159674df2\x008\x00B\b\b\xfa\xbbз\x06\x10\x00b\xe7\x01\n(control-plane.alpha.kubernetes.io/leader\x12\xba\x01{\"holderIdentity\":\"minikube_59de546a-1c34-406d-88b1-33590387615b\",\"leaseDurationSeconds\":15,\"acquireTime\":\"2024-09-25T14:28:10Z\",\"renewTime\":\"2024-09-25T14:28:42Z\",\"leaderTransitions\":0}\x8a\x01\x94\x01\n\x13storage-provisioner\x12\x06Update\x1a\x02v1\"\b\b\x9a\xbcз\x06\x10\x002\bFieldsV1:[\nY{\"f:metadata\":{\"f:annotations\":{\".\":{},\"f:control-plane.alpha.kubernetes.io/leader\":{}}}}B\x00\x1a\x00\"\x00"
"Lease" : 0
"ClusterID" : 18038207397139142846
"MemberID" : 12593026477526642892
"Revision" : 427
"RaftTerm" : 2
"Type" : PUT
"Key" : "/registry/masterleases/192.168.49.2"
"CreateRevision" : 198
"ModRevision" : 427
"Version" : 9
"Value" : "k8s\x00\n\x0f\n\x02v1\x12\tEndpoints\x12&\n\x10\n\x00\x12\x00\x1a\x00\"\x00*\x002\x008\tB\x00\x12\x12\n\x10\n\f192.168.49.2\x1a\x00\x1a\x00\"\x00"
"Lease" : 8128032134777322838
